# JRE version: Java(TM) SE Runtime Environment (8.0_311-b11) (build 1.8.0_311-b11)
# Java VM: Java HotSpot(TM) 64-Bit Server VM (25.311-b11 mixed mode bsd-amd64 compressed oops)
Heap:
 PSYoungGen      total 261120K, used 55472K [0x000000076ab00000, 0x000000077b880000, 0x00000007c0000000)
  eden space 250368K, 17% used [0x000000076ab00000,0x000000076d6adea0,0x0000000779f80000)
  from space 10752K, 99% used [0x000000077a880000,0x000000077b2fe548,0x000000077b300000)
  to   space 5632K, 0% used [0x000000077b300000,0x000000077b300000,0x000000077b880000)
 ParOldGen       total 112128K, used 11187K [0x00000006c0000000, 0x00000006c6d80000, 0x000000076ab00000)
  object space 112128K, 9% used [0x00000006c0000000,0x00000006c0aecef0,0x00000006c6d80000)
 Metaspace       used 29565K, capacity 30960K, committed 31104K, reserved 1077248K
  class space    used 3877K, capacity 4162K, committed 4224K, reserved 1048576K
GC Heap History (10 events):
Event: 1.865 GC heap before
{Heap before GC invocations=2 (full 0):
 PSYoungGen      total 76288K, used 74838K [0x000000076ab00000, 0x0000000774000000, 0x00000007c0000000)
  eden space 65536K, 100% used [0x000000076ab00000,0x000000076eb00000,0x000000076eb00000)
  from space 10752K, 86% used [0x000000076eb00000,0x000000076f415808,0x000000076f580000)
  to   space 10752K, 0% used [0x0000000773580000,0x0000000773580000,0x0000000774000000)
 ParOldGen       total 175104K, used 16K [0x00000006c0000000, 0x00000006cab00000, 0x000000076ab00000)
  object space 175104K, 0% used [0x00000006c0000000,0x00000006c0004000,0x00000006cab00000)
 Metaspace       used 14865K, capacity 15522K, committed 15616K, reserved 1062912K
  class space    used 1847K, capacity 2022K, committed 2048K, reserved 1048576K
Event: 1.873 GC heap after
Heap after GC invocations=2 (full 0):
 PSYoungGen      total 141824K, used 7570K [0x000000076ab00000, 0x0000000774000000, 0x00000007c0000000)
  eden space 131072K, 0% used [0x000000076ab00000,0x000000076ab00000,0x0000000772b00000)
  from space 10752K, 70% used [0x0000000773580000,0x0000000773ce48e0,0x0000000774000000)
  to   space 10752K, 0% used [0x0000000772b00000,0x0000000772b00000,0x0000000773580000)
 ParOldGen       total 175104K, used 24K [0x00000006c0000000, 0x00000006cab00000, 0x000000076ab00000)
  object space 175104K, 0% used [0x00000006c0000000,0x00000006c0006000,0x00000006cab00000)
 Metaspace       used 14865K, capacity 15522K, committed 15616K, reserved 1062912K
  class space    used 1847K, capacity 2022K, committed 2048K, reserved 1048576K
}
Event: 2.283 GC heap before
{Heap before GC invocations=3 (full 0):
 PSYoungGen      total 141824K, used 72098K [0x000000076ab00000, 0x0000000774000000, 0x00000007c0000000)
  eden space 131072K, 49% used [0x000000076ab00000,0x000000076ea04238,0x0000000772b00000)
  from space 10752K, 70% used [0x0000000773580000,0x0000000773ce48e0,0x0000000774000000)
  to   space 10752K, 0% used [0x0000000772b00000,0x0000000772b00000,0x0000000773580000)
 ParOldGen       total 175104K, used 24K [0x00000006c0000000, 0x00000006cab00000, 0x000000076ab00000)
  object space 175104K, 0% used [0x00000006c0000000,0x00000006c0006000,0x00000006cab00000)
 Metaspace       used 20289K, capacity 21138K, committed 21248K, reserved 1067008K
  class space    used 2566K, capacity 2760K, committed 2816K, reserved 1048576K
Event: 2.294 GC heap after
Heap after GC invocations=3 (full 0):
 PSYoungGen      total 141824K, used 9107K [0x000000076ab00000, 0x000000077c000000, 0x00000007c0000000)
  eden space 131072K, 0% used [0x000000076ab00000,0x000000076ab00000,0x0000000772b00000)
  from space 10752K, 84% used [0x0000000772b00000,0x00000007733e4df8,0x0000000773580000)
  to   space 10752K, 0% used [0x000000077b580000,0x000000077b580000,0x000000077c000000)
 ParOldGen       total 175104K, used 96K [0x00000006c0000000, 0x00000006cab00000, 0x000000076ab00000)
  object space 175104K, 0% used [0x00000006c0000000,0x00000006c0018010,0x00000006cab00000)
 Metaspace       used 20289K, capacity 21138K, committed 21248K, reserved 1067008K
  class space    used 2566K, capacity 2760K, committed 2816K, reserved 1048576K
}
Event: 2.294 GC heap before
{Heap before GC invocations=4 (full 1):
 PSYoungGen      total 141824K, used 9107K [0x000000076ab00000, 0x000000077c000000, 0x00000007c0000000)
  eden space 131072K, 0% used [0x000000076ab00000,0x000000076ab00000,0x0000000772b00000)
  from space 10752K, 84% used [0x0000000772b00000,0x00000007733e4df8,0x0000000773580000)
  to   space 10752K, 0% used [0x000000077b580000,0x000000077b580000,0x000000077c000000)
 ParOldGen       total 175104K, used 96K [0x00000006c0000000, 0x00000006cab00000, 0x000000076ab00000)
  object space 175104K, 0% used [0x00000006c0000000,0x00000006c0018010,0x00000006cab00000)
 Metaspace       used 20289K, capacity 21138K, committed 21248K, reserved 1067008K
  class space    used 2566K, capacity 2760K, committed 2816K, reserved 1048576K
Event: 2.345 GC heap after
Heap after GC invocations=4 (full 1):
 PSYoungGen      total 141824K, used 0K [0x000000076ab00000, 0x000000077c000000, 0x00000007c0000000)
  eden space 131072K, 0% used [0x000000076ab00000,0x000000076ab00000,0x0000000772b00000)
  from space 10752K, 0% used [0x0000000772b00000,0x0000000772b00000,0x0000000773580000)
  to   space 10752K, 0% used [0x000000077b580000,0x000000077b580000,0x000000077c000000)
 ParOldGen       total 112128K, used 8791K [0x00000006c0000000, 0x00000006c6d80000, 0x000000076ab00000)
  object space 112128K, 7% used [0x00000006c0000000,0x00000006c0895cc0,0x00000006c6d80000)
 Metaspace       used 20289K, capacity 21138K, committed 21248K, reserved 1067008K
  class space    used 2566K, capacity 2760K, committed 2816K, reserved 1048576K
}
Event: 3.656 GC heap before
{Heap before GC invocations=5 (full 1):
 PSYoungGen      total 141824K, used 131072K [0x000000076ab00000, 0x000000077c000000, 0x00000007c0000000)
  eden space 131072K, 100% used [0x000000076ab00000,0x0000000772b00000,0x0000000772b00000)
  from space 10752K, 0% used [0x0000000772b00000,0x0000000772b00000,0x0000000773580000)
  to   space 10752K, 0% used [0x000000077b580000,0x000000077b580000,0x000000077c000000)
 ParOldGen       total 112128K, used 8791K [0x00000006c0000000, 0x00000006c6d80000, 0x000000076ab00000)
  object space 112128K, 7% used [0x00000006c0000000,0x00000006c0895cc0,0x00000006c6d80000)
 Metaspace       used 23904K, capacity 25076K, committed 25216K, reserved 1071104K
  class space    used 3076K, capacity 3336K, committed 3456K, reserved 1048576K
Event: 3.663 GC heap after
Heap after GC invocations=5 (full 1):
 PSYoungGen      total 190976K, used 7880K [0x000000076ab00000, 0x000000077bd80000, 0x00000007c0000000)
  eden space 182784K, 0% used [0x000000076ab00000,0x000000076ab00000,0x0000000775d80000)
  from space 8192K, 96% used [0x000000077b580000,0x000000077bd321b0,0x000000077bd80000)
  to   space 10752K, 0% used [0x000000077a880000,0x000000077a880000,0x000000077b300000)
 ParOldGen       total 112128K, used 8799K [0x00000006c0000000, 0x00000006c6d80000, 0x000000076ab00000)
  object space 112128K, 7% used [0x00000006c0000000,0x00000006c0897cc0,0x00000006c6d80000)
 Metaspace       used 23904K, capacity 25076K, committed 25216K, reserved 1071104K
  class space    used 3076K, capacity 3336K, committed 3456K, reserved 1048576K
}
Event: 5.237 GC heap before
{Heap before GC invocations=6 (full 1):
 PSYoungGen      total 190976K, used 190664K [0x000000076ab00000, 0x000000077bd80000, 0x00000007c0000000)
  eden space 182784K, 100% used [0x000000076ab00000,0x0000000775d80000,0x0000000775d80000)
  from space 8192K, 96% used [0x000000077b580000,0x000000077bd321b0,0x000000077bd80000)
  to   space 10752K, 0% used [0x000000077a880000,0x000000077a880000,0x000000077b300000)
 ParOldGen       total 112128K, used 8799K [0x00000006c0000000, 0x00000006c6d80000, 0x000000076ab00000)
  object space 112128K, 7% used [0x00000006c0000000,0x00000006c0897cc0,0x00000006c6d80000)
 Metaspace       used 28099K, capacity 29458K, committed 29568K, reserved 1075200K
  class space    used 3663K, capacity 3949K, committed 3968K, reserved 1048576K
Event: 5.252 GC heap after
Heap after GC invocations=6 (full 1):
 PSYoungGen      total 261120K, used 10745K [0x000000076ab00000, 0x000000077b880000, 0x00000007c0000000)
  eden space 250368K, 0% used [0x000000076ab00000,0x000000076ab00000,0x0000000779f80000)
  from space 10752K, 99% used [0x000000077a880000,0x000000077b2fe548,0x000000077b300000)
  to   space 5632K, 0% used [0x000000077b300000,0x000000077b300000,0x000000077b880000)
 ParOldGen       total 112128K, used 11187K [0x00000006c0000000, 0x00000006c6d80000, 0x000000076ab00000)
  object space 112128K, 9% used [0x00000006c0000000,0x00000006c0aecef0,0x00000006c6d80000)
 Metaspace       used 28099K, capacity 29458K, committed 29568K, reserved 1075200K
  class space    used 3663K, capacity 3949K, committed 3968K, reserved 1048576K
}

